<?xml version="1.0" encoding="UTF-8"?>
<!-- Generated by org.testng.reporters.JUnitXMLReporter -->
<testsuite hostname="DESKTOP-MRAU6H5" ignored="0" name="Default test" tests="3" failures="0" timestamp="22 Oct 2019 18:47:24 GMT" time="22.614" errors="0">
  <testcase name="Basic" time="2.788" classname="cvs.all.revision.Run"/>
  <testcase name="login" time="2.432" classname="cvs.all.revision.Run"/>
  <testcase name="Registration" time="2.717" classname="cvs.all.revision.Run"/>
</testsuite> <!-- Default test -->
