<?xml version="1.0" encoding="UTF-8"?>
<testng-results skipped="0" failed="0" ignored="0" total="3" passed="3">
  <reporter-output>
  </reporter-output>
  <suite name="Default suite" duration-ms="22614" started-at="2019-10-22T18:46:58Z" finished-at="2019-10-22T18:47:21Z">
    <groups>
    </groups>
    <test name="Default test" duration-ms="22614" started-at="2019-10-22T18:46:58Z" finished-at="2019-10-22T18:47:21Z">
      <class name="cvs.all.revision.Run">
        <test-method status="PASS" signature="start()[pri:0, instance:cvs.all.revision.Run@91161c7]" name="start" is-config="true" duration-ms="14030" started-at="2019-10-22T18:46:58Z" finished-at="2019-10-22T18:47:12Z">
          <reporter-output>
          </reporter-output>
        </test-method> <!-- start -->
        <test-method status="PASS" signature="TimeStart()[pri:0, instance:cvs.all.revision.Run@91161c7]" name="TimeStart" is-config="true" duration-ms="334" started-at="2019-10-22T18:47:12Z" finished-at="2019-10-22T18:47:13Z">
          <reporter-output>
          </reporter-output>
        </test-method> <!-- TimeStart -->
        <test-method status="PASS" signature="Basic()[pri:1, instance:cvs.all.revision.Run@91161c7]" name="Basic" duration-ms="2788" started-at="2019-10-22T18:47:13Z" finished-at="2019-10-22T18:47:15Z">
          <reporter-output>
          </reporter-output>
        </test-method> <!-- Basic -->
        <test-method status="PASS" signature="Timeend()[pri:0, instance:cvs.all.revision.Run@91161c7]" name="Timeend" is-config="true" duration-ms="1" started-at="2019-10-22T18:47:15Z" finished-at="2019-10-22T18:47:15Z">
          <reporter-output>
          </reporter-output>
        </test-method> <!-- Timeend -->
        <test-method status="PASS" signature="TimeStart()[pri:0, instance:cvs.all.revision.Run@91161c7]" name="TimeStart" is-config="true" duration-ms="0" started-at="2019-10-22T18:47:16Z" finished-at="2019-10-22T18:47:16Z">
          <reporter-output>
          </reporter-output>
        </test-method> <!-- TimeStart -->
        <test-method status="PASS" signature="login()[pri:2, instance:cvs.all.revision.Run@91161c7]" name="login" duration-ms="2432" started-at="2019-10-22T18:47:16Z" finished-at="2019-10-22T18:47:18Z">
          <reporter-output>
          </reporter-output>
        </test-method> <!-- login -->
        <test-method status="PASS" signature="Timeend()[pri:0, instance:cvs.all.revision.Run@91161c7]" name="Timeend" is-config="true" duration-ms="0" started-at="2019-10-22T18:47:18Z" finished-at="2019-10-22T18:47:18Z">
          <reporter-output>
          </reporter-output>
        </test-method> <!-- Timeend -->
        <test-method status="PASS" signature="TimeStart()[pri:0, instance:cvs.all.revision.Run@91161c7]" name="TimeStart" is-config="true" duration-ms="1" started-at="2019-10-22T18:47:18Z" finished-at="2019-10-22T18:47:18Z">
          <reporter-output>
          </reporter-output>
        </test-method> <!-- TimeStart -->
        <test-method status="PASS" signature="Registration()[pri:3, instance:cvs.all.revision.Run@91161c7]" name="Registration" duration-ms="2717" started-at="2019-10-22T18:47:18Z" finished-at="2019-10-22T18:47:21Z">
          <reporter-output>
          </reporter-output>
        </test-method> <!-- Registration -->
        <test-method status="PASS" signature="Timeend()[pri:0, instance:cvs.all.revision.Run@91161c7]" name="Timeend" is-config="true" duration-ms="1" started-at="2019-10-22T18:47:21Z" finished-at="2019-10-22T18:47:21Z">
          <reporter-output>
          </reporter-output>
        </test-method> <!-- Timeend -->
      </class> <!-- cvs.all.revision.Run -->
    </test> <!-- Default test -->
  </suite> <!-- Default suite -->
</testng-results>
